<?xml version="1.0" encoding="UTF-8"?>
<!-- Generated by org.testng.reporters.JUnitXMLReporter -->
<testsuite ignored="1" hostname="Yousaf-PC" failures="0" tests="5" name="ChromeTest" time="13.626" errors="0" timestamp="2021-05-25T21:02:50 PKT">
  <testcase classname="com.package1.LoginTest" name="SuccessLogin" time="2.759"/>
  <testcase classname="com.package1.LoginTest" name="verifyLogout" time="3.239"/>
  <testcase classname="com.package1.SecondCase" name="f" time="0.043"/>
  <testcase classname="com.package1.LoginTest" name="SuccessLogin" time="1.323"/>
  <testcase classname="com.package1.LoginTest" name="verifyLogout" time="3.222"/>
  <testcase classname="com.package1.LoginTest" name="@BeforeTest beforeTest" time="0.0">
    <ignored/>
  </testcase> <!-- @BeforeTest beforeTest -->
</testsuite> <!-- ChromeTest -->
