<?xml version="1.0" encoding="UTF-8"?>
<!-- Generated by org.testng.reporters.JUnitXMLReporter -->
<testsuite ignored="1" hostname="Yousaf-PC" failures="0" tests="5" name="FirefoxTest" time="24.062" errors="0" timestamp="2021-05-25T21:03:14 PKT">
  <testcase classname="com.package1.LoginTest" name="SuccessLogin" time="2.488"/>
  <testcase classname="com.package1.LoginTest" name="verifyLogout" time="3.606"/>
  <testcase classname="com.package1.SecondCase" name="f" time="0.039"/>
  <testcase classname="com.package1.LoginTest" name="SuccessLogin" time="0.725"/>
  <testcase classname="com.package1.LoginTest" name="verifyLogout" time="3.571"/>
  <testcase classname="com.package1.LoginTest" name="@BeforeTest beforeTest" time="0.0">
    <ignored/>
  </testcase> <!-- @BeforeTest beforeTest -->
</testsuite> <!-- FirefoxTest -->
