<?xml version="1.0" encoding="UTF-8"?>
<!-- Generated by org.testng.reporters.JUnitXMLReporter -->
<testsuite ignored="1" hostname="Yousaf-PC" failures="0" tests="5" name="IETest" time="0.071" errors="0" timestamp="2021-05-25T20:48:30 PKT">
  <testcase classname="com.package1.LoginTest" name="@BeforeTest beforeTest" time="0.011">
    <failure type="java.lang.IllegalStateException" message="The driver executable does not exist: C:\Selenium\IEDriverServer.exe">
      <![CDATA[java.lang.IllegalStateException: The driver executable does not exist: C:\Selenium\IEDriverServer.exe
at com.google.common.base.Preconditions.checkState(Preconditions.java:585)
at org.openqa.selenium.remote.service.DriverService.checkExecutable(DriverService.java:146)
at org.openqa.selenium.remote.service.DriverService.findExecutable(DriverService.java:141)
at org.openqa.selenium.ie.InternetExplorerDriverService.access$000(InternetExplorerDriverService.java:35)
at org.openqa.selenium.ie.InternetExplorerDriverService$Builder.findDefaultExecutable(InternetExplorerDriverService.java:175)
at org.openqa.selenium.remote.service.DriverService$Builder.build(DriverService.java:355)
at org.openqa.selenium.ie.InternetExplorerDriver.setupService(InternetExplorerDriver.java:281)
at org.openqa.selenium.ie.InternetExplorerDriver.<init>(InternetExplorerDriver.java:211)
at org.openqa.selenium.ie.InternetExplorerDriver.<init>(InternetExplorerDriver.java:150)
at com.package1.LoginTest.beforeTest(LoginTest.java:35)
... Removed 24 stack frames]]>
    </failure>
  </testcase> <!-- @BeforeTest beforeTest -->
  <testcase classname="com.package1.LoginTest" name="@BeforeClass beforeClass" time="-1.621957710247E9">
    <skipped/>
  </testcase> <!-- @BeforeClass beforeClass -->
  <testcase classname="com.package1.LoginTest" name="@AfterClass afterClass" time="-1.621957710268E9">
    <skipped/>
  </testcase> <!-- @AfterClass afterClass -->
  <testcase classname="com.package1.LoginTest" name="@BeforeClass beforeClass" time="-1.621957710271E9">
    <skipped/>
  </testcase> <!-- @BeforeClass beforeClass -->
  <testcase classname="com.package1.LoginTest" name="@AfterClass afterClass" time="-1.621957710287E9">
    <skipped/>
  </testcase> <!-- @AfterClass afterClass -->
  <testcase classname="com.package1.LoginTest" name="SuccessLogin" time="0.0">
    <skipped/>
  </testcase> <!-- SuccessLogin -->
  <testcase classname="com.package1.LoginTest" name="verifyLogout" time="0.0">
    <skipped/>
  </testcase> <!-- verifyLogout -->
  <testcase classname="com.package1.SecondCase" name="f" time="0.0">
    <skipped/>
  </testcase> <!-- f -->
  <testcase classname="com.package1.LoginTest" name="SuccessLogin" time="0.0">
    <skipped/>
  </testcase> <!-- SuccessLogin -->
  <testcase classname="com.package1.LoginTest" name="verifyLogout" time="0.0">
    <skipped/>
  </testcase> <!-- verifyLogout -->
  <testcase classname="com.package1.LoginTest" name="@BeforeTest beforeTest" time="0.0">
    <ignored/>
  </testcase> <!-- @BeforeTest beforeTest -->
</testsuite> <!-- IETest -->
