<?xml version="1.0" encoding="UTF-8"?>
<!-- Generated by org.testng.reporters.JUnitXMLReporter -->
<testsuite ignored="0" hostname="Yousaf-PC" failures="0" tests="5" name="Test" time="31.663" errors="0" timestamp="2021-05-21T18:01:42 PKT">
  <testcase classname="com.package1.LoginTest" name="SuccessLogin" time="8.722"/>
  <testcase classname="com.package1.LoginTest" name="verifyLogout" time="3.25"/>
  <testcase classname="com.package1.SecondCase" name="f" time="0.046"/>
  <testcase classname="com.package1.LoginTest" name="SuccessLogin" time="16.33"/>
  <testcase classname="com.package1.LoginTest" name="verifyLogout" time="3.248"/>
</testsuite> <!-- Test -->
