<?xml version="1.0" encoding="UTF-8"?>
<!-- Generated by org.testng.reporters.JUnitXMLReporter -->
<testsuite ignored="0" hostname="Yousaf-PC" failures="0" tests="5" name="Test" time="62.63" errors="0" timestamp="2021-05-25T20:23:12 PKT">
  <testcase classname="com.package1.LoginTest" name="SuccessLogin" time="39.243"/>
  <testcase classname="com.package1.LoginTest" name="verifyLogout" time="3.294"/>
  <testcase classname="com.package1.SecondCase" name="f" time="0.051"/>
  <testcase classname="com.package1.LoginTest" name="SuccessLogin" time="16.737"/>
  <testcase classname="com.package1.LoginTest" name="verifyLogout" time="3.219"/>
</testsuite> <!-- Test -->
