<?xml version="1.0" encoding="UTF-8"?>
<testng-results ignored="0" total="5" passed="5" failed="0" skipped="0">
  <reporter-output>
  </reporter-output>
  <suite started-at="2021-05-21T18:01:10 PKT" name="Suite" finished-at="2021-05-21T18:01:42 PKT" duration-ms="31663">
    <groups>
    </groups>
    <test started-at="2021-05-21T18:01:10 PKT" name="Test" finished-at="2021-05-21T18:01:42 PKT" duration-ms="31663">
      <class name="com.package1.LoginTest">
        <test-method signature="SuccessLogin()[pri:0, instance:com.package1.LoginTest@7880cdf3]" started-at="2021-05-21T18:01:22 PKT" name="SuccessLogin" finished-at="2021-05-21T18:01:38 PKT" duration-ms="16330" status="PASS">
          <reporter-output>
          </reporter-output>
        </test-method> <!-- SuccessLogin -->
        <test-method is-config="true" signature="beforeClass()[pri:0, instance:com.package1.LoginTest@7880cdf3]" started-at="2021-05-21T18:01:22 PKT" name="beforeClass" finished-at="2021-05-21T18:01:22 PKT" duration-ms="0" status="PASS">
          <reporter-output>
          </reporter-output>
        </test-method> <!-- beforeClass -->
        <test-method signature="verifyLogout()[pri:0, instance:com.package1.LoginTest@7880cdf3]" started-at="2021-05-21T18:01:38 PKT" name="verifyLogout" finished-at="2021-05-21T18:01:42 PKT" duration-ms="3248" status="PASS">
          <reporter-output>
          </reporter-output>
        </test-method> <!-- verifyLogout -->
        <test-method is-config="true" signature="afterClass()[pri:0, instance:com.package1.LoginTest@7880cdf3]" started-at="2021-05-21T18:01:42 PKT" name="afterClass" finished-at="2021-05-21T18:01:42 PKT" duration-ms="1" status="PASS">
          <reporter-output>
          </reporter-output>
        </test-method> <!-- afterClass -->
      </class> <!-- com.package1.LoginTest -->
      <class name="com.package1.SecondCase">
        <test-method is-config="true" signature="beforeClass()[pri:0, instance:com.package1.SecondCase@47d90b9e]" started-at="2021-05-21T18:01:10 PKT" name="beforeClass" finished-at="2021-05-21T18:01:10 PKT" duration-ms="10" status="PASS">
          <reporter-output>
          </reporter-output>
        </test-method> <!-- beforeClass -->
        <test-method signature="SuccessLogin()[pri:0, instance:com.package1.SecondCase@47d90b9e]" started-at="2021-05-21T18:01:10 PKT" name="SuccessLogin" finished-at="2021-05-21T18:01:19 PKT" duration-ms="8722" status="PASS">
          <reporter-output>
          </reporter-output>
        </test-method> <!-- SuccessLogin -->
        <test-method signature="verifyLogout()[pri:0, instance:com.package1.SecondCase@47d90b9e]" started-at="2021-05-21T18:01:19 PKT" name="verifyLogout" finished-at="2021-05-21T18:01:22 PKT" duration-ms="3250" status="PASS">
          <reporter-output>
          </reporter-output>
        </test-method> <!-- verifyLogout -->
        <test-method signature="f()[pri:0, instance:com.package1.SecondCase@47d90b9e]" started-at="2021-05-21T18:01:22 PKT" name="f" finished-at="2021-05-21T18:01:22 PKT" duration-ms="46" status="PASS">
          <reporter-output>
          </reporter-output>
        </test-method> <!-- f -->
        <test-method is-config="true" signature="afterClass()[pri:0, instance:com.package1.SecondCase@47d90b9e]" started-at="2021-05-21T18:01:22 PKT" name="afterClass" finished-at="2021-05-21T18:01:22 PKT" duration-ms="0" status="PASS">
          <reporter-output>
          </reporter-output>
        </test-method> <!-- afterClass -->
      </class> <!-- com.package1.SecondCase -->
    </test> <!-- Test -->
  </suite> <!-- Suite -->
</testng-results>
